<?xml version="1.0" encoding="UTF-8"?>
<testng-results skipped="0" failed="0" ignored="0" total="1" passed="1">
  <reporter-output>
  </reporter-output>
  <suite name="Default suite" duration-ms="11057" started-at="2021-01-11T18:06:02 EST" finished-at="2021-01-11T18:06:13 EST">
    <groups>
    </groups>
    <test name="Default test" duration-ms="11057" started-at="2021-01-11T18:06:02 EST" finished-at="2021-01-11T18:06:13 EST">
      <class name="com.crm.qa.testcases.LoginPageTest">
        <test-method status="PASS" signature="setUp()[pri:0, instance:com.crm.qa.testcases.LoginPageTest@59e5ddf]" name="setUp" is-config="true" duration-ms="10248" started-at="2021-01-11T18:06:02 EST" finished-at="2021-01-11T18:06:13 EST">
          <reporter-output>
          </reporter-output>
        </test-method> <!-- setUp -->
        <test-method status="PASS" signature="loginPageTitleTest()[pri:0, instance:com.crm.qa.testcases.LoginPageTest@59e5ddf]" name="loginPageTitleTest" duration-ms="22" started-at="2021-01-11T18:06:13 EST" finished-at="2021-01-11T18:06:13 EST">
          <reporter-output>
          </reporter-output>
        </test-method> <!-- loginPageTitleTest -->
        <test-method status="PASS" signature="tearDown()[pri:0, instance:com.crm.qa.testcases.LoginPageTest@59e5ddf]" name="tearDown" is-config="true" duration-ms="731" started-at="2021-01-11T18:06:13 EST" finished-at="2021-01-11T18:06:13 EST">
          <reporter-output>
          </reporter-output>
        </test-method> <!-- tearDown -->
      </class> <!-- com.crm.qa.testcases.LoginPageTest -->
    </test> <!-- Default test -->
  </suite> <!-- Default suite -->
</testng-results>
